<?xml version="1.0" encoding="utf-8" standalone="no"?>
<test-results xmlns:xsi="http://www.w3.org/2001/XMLSchema-instance" xsi:noNamespaceSchemaLocation="nunit_schema_2.5.xsd" name="Pester" total="3" errors="0" failures="3" not-run="0" inconclusive="0" ignored="0" skipped="0" invalid="0" date="2025-07-21" time="14:34:54">
  <environment user="elmaq" machine-name="ISMA-LAB" cwd="C:\Users\elmaq\OneDrive\Documents\apprentissage\Perso\Soft_Workplace\Auto-Remediation-Guidance" user-domain="ISMA-LAB" platform="Microsoft Windows 11 Professionnel|C:\WINDOWS|\Device\Harddisk1\Partition3" nunit-version="2.5.8.0" os-version="10.0.26100" clr-version="4.0.30319.42000" />
  <culture-info current-culture="fr-FR" current-uiculture="fr-FR" />
  <test-suite type="Powershell" name="Pester" executed="True" result="Failure" success="False" time="0.5644" asserts="0">
    <results>
      <test-suite type="TestFixture" name="Error in C:\Users\elmaq\OneDrive\Documents\apprentissage\Perso\Soft_Workplace\Auto-Remediation-Guidance\tests\Clear-TempFiles.Tests.ps1" executed="True" result="Failure" success="False" time="0.2678" asserts="0" description="Error in C:\Users\elmaq\OneDrive\Documents\apprentissage\Perso\Soft_Workplace\Auto-Remediation-Guidance\tests\Clear-TempFiles.Tests.ps1">
        <results>
          <test-case description="Error occurred in test script 'C:\Users\elmaq\OneDrive\Documents\apprentissage\Perso\Soft_Workplace\Auto-Remediation-Guidance\tests\Clear-TempFiles.Tests.ps1'" name="Error in C:\Users\elmaq\OneDrive\Documents\apprentissage\Perso\Soft_Workplace\Auto-Remediation-Guidance\tests\Clear-TempFiles.Tests.ps1.Error occurred in test script 'C:\Users\elmaq\OneDrive\Documents\apprentissage\Perso\Soft_Workplace\Auto-Remediation-Guidance\tests\Clear-TempFiles.Tests.ps1'" time="0.2678" asserts="0" success="False" result="Failure" executed="True">
            <failure>
              <message>The BeforeAll command may only be used inside a Describe block.</message>
              <stack-trace>à Assert-DescribeInProgress, C:\Program Files\WindowsPowerShell\Modules\Pester\3.4.0\Functions\Describe.ps1 : ligne 125</stack-trace>
            </failure>
          </test-case>
        </results>
      </test-suite>
      <test-suite type="TestFixture" name="Error in C:\Users\elmaq\OneDrive\Documents\apprentissage\Perso\Soft_Workplace\Auto-Remediation-Guidance\tests\Integration.Tests.ps1" executed="True" result="Failure" success="False" time="0.2299" asserts="0" description="Error in C:\Users\elmaq\OneDrive\Documents\apprentissage\Perso\Soft_Workplace\Auto-Remediation-Guidance\tests\Integration.Tests.ps1">
        <results>
          <test-case description="Error occurred in test script 'C:\Users\elmaq\OneDrive\Documents\apprentissage\Perso\Soft_Workplace\Auto-Remediation-Guidance\tests\Integration.Tests.ps1'" name="Error in C:\Users\elmaq\OneDrive\Documents\apprentissage\Perso\Soft_Workplace\Auto-Remediation-Guidance\tests\Integration.Tests.ps1.Error occurred in test script 'C:\Users\elmaq\OneDrive\Documents\apprentissage\Perso\Soft_Workplace\Auto-Remediation-Guidance\tests\Integration.Tests.ps1'" time="0.2299" asserts="0" success="False" result="Failure" executed="True">
            <failure>
              <message>The BeforeAll command may only be used inside a Describe block.</message>
              <stack-trace>à Assert-DescribeInProgress, C:\Program Files\WindowsPowerShell\Modules\Pester\3.4.0\Functions\Describe.ps1 : ligne 125</stack-trace>
            </failure>
          </test-case>
        </results>
      </test-suite>
      <test-suite type="TestFixture" name="Error in C:\Users\elmaq\OneDrive\Documents\apprentissage\Perso\Soft_Workplace\Auto-Remediation-Guidance\tests\Restart-WindowsUpdateService.Tests.ps1" executed="True" result="Failure" success="False" time="0.0668" asserts="0" description="Error in C:\Users\elmaq\OneDrive\Documents\apprentissage\Perso\Soft_Workplace\Auto-Remediation-Guidance\tests\Restart-WindowsUpdateService.Tests.ps1">
        <results>
          <test-case description="Error occurred in test script 'C:\Users\elmaq\OneDrive\Documents\apprentissage\Perso\Soft_Workplace\Auto-Remediation-Guidance\tests\Restart-WindowsUpdateService.Tests.ps1'" name="Error in C:\Users\elmaq\OneDrive\Documents\apprentissage\Perso\Soft_Workplace\Auto-Remediation-Guidance\tests\Restart-WindowsUpdateService.Tests.ps1.Error occurred in test script 'C:\Users\elmaq\OneDrive\Documents\apprentissage\Perso\Soft_Workplace\Auto-Remediation-Guidance\tests\Restart-WindowsUpdateService.Tests.ps1'" time="0.0668" asserts="0" success="False" result="Failure" executed="True">
            <failure>
              <message>The BeforeAll command may only be used inside a Describe block.</message>
              <stack-trace>à Assert-DescribeInProgress, C:\Program Files\WindowsPowerShell\Modules\Pester\3.4.0\Functions\Describe.ps1 : ligne 125</stack-trace>
            </failure>
          </test-case>
        </results>
      </test-suite>
    </results>
  </test-suite>
</test-results>